Started GET "/" for 127.0.0.1 at 2018-10-16 10:27:20 +0900
  
Mysql2::Error::ConnectionError (Access denied for user 'root'@'localhost' (using password: NO)):
  
mysql2 (0.5.2) lib/mysql2/client.rb:90:in `connect'
mysql2 (0.5.2) lib/mysql2/client.rb:90:in `initialize'
activerecord (5.2.1) lib/active_record/connection_adapters/mysql2_adapter.rb:22:in `new'
activerecord (5.2.1) lib/active_record/connection_adapters/mysql2_adapter.rb:22:in `mysql2_connection'
activerecord (5.2.1) lib/active_record/connection_adapters/abstract/connection_pool.rb:809:in `new_connection'
activerecord (5.2.1) lib/active_record/connection_adapters/abstract/connection_pool.rb:853:in `checkout_new_connection'
activerecord (5.2.1) lib/active_record/connection_adapters/abstract/connection_pool.rb:832:in `try_to_checkout_new_connection'
activerecord (5.2.1) lib/active_record/connection_adapters/abstract/connection_pool.rb:793:in `acquire_connection'
activerecord (5.2.1) lib/active_record/connection_adapters/abstract/connection_pool.rb:521:in `checkout'
activerecord (5.2.1) lib/active_record/connection_adapters/abstract/connection_pool.rb:380:in `connection'
activerecord (5.2.1) lib/active_record/connection_adapters/abstract/connection_pool.rb:1008:in `retrieve_connection'
activerecord (5.2.1) lib/active_record/connection_handling.rb:118:in `retrieve_connection'
activerecord (5.2.1) lib/active_record/connection_handling.rb:90:in `connection'
activerecord (5.2.1) lib/active_record/migration.rb:554:in `call'
actionpack (5.2.1) lib/action_dispatch/middleware/callbacks.rb:28:in `block in call'
activesupport (5.2.1) lib/active_support/callbacks.rb:98:in `run_callbacks'
actionpack (5.2.1) lib/action_dispatch/middleware/callbacks.rb:26:in `call'
actionpack (5.2.1) lib/action_dispatch/middleware/executor.rb:14:in `call'
actionpack (5.2.1) lib/action_dispatch/middleware/debug_exceptions.rb:61:in `call'
web-console (3.7.0) lib/web_console/middleware.rb:135:in `call_app'
web-console (3.7.0) lib/web_console/middleware.rb:30:in `block in call'
web-console (3.7.0) lib/web_console/middleware.rb:20:in `catch'
web-console (3.7.0) lib/web_console/middleware.rb:20:in `call'
actionpack (5.2.1) lib/action_dispatch/middleware/show_exceptions.rb:33:in `call'
railties (5.2.1) lib/rails/rack/logger.rb:38:in `call_app'
railties (5.2.1) lib/rails/rack/logger.rb:26:in `block in call'
activesupport (5.2.1) lib/active_support/tagged_logging.rb:71:in `block in tagged'
activesupport (5.2.1) lib/active_support/tagged_logging.rb:28:in `tagged'
activesupport (5.2.1) lib/active_support/tagged_logging.rb:71:in `tagged'
railties (5.2.1) lib/rails/rack/logger.rb:26:in `call'
sprockets-rails (3.2.1) lib/sprockets/rails/quiet_assets.rb:13:in `call'
actionpack (5.2.1) lib/action_dispatch/middleware/remote_ip.rb:81:in `call'
actionpack (5.2.1) lib/action_dispatch/middleware/request_id.rb:27:in `call'
rack (2.0.5) lib/rack/method_override.rb:22:in `call'
rack (2.0.5) lib/rack/runtime.rb:22:in `call'
activesupport (5.2.1) lib/active_support/cache/strategy/local_cache_middleware.rb:29:in `call'
actionpack (5.2.1) lib/action_dispatch/middleware/executor.rb:14:in `call'
actionpack (5.2.1) lib/action_dispatch/middleware/static.rb:127:in `call'
rack (2.0.5) lib/rack/sendfile.rb:111:in `call'
railties (5.2.1) lib/rails/engine.rb:524:in `call'
puma (3.12.0) lib/puma/configuration.rb:225:in `call'
puma (3.12.0) lib/puma/server.rb:658:in `handle_request'
puma (3.12.0) lib/puma/server.rb:472:in `process_client'
puma (3.12.0) lib/puma/server.rb:332:in `block in run'
puma (3.12.0) lib/puma/thread_pool.rb:133:in `block in spawn_thread'
  [1m[35m (47.6ms)[0m  [1m[35mSET NAMES utf8,  @@SESSION.sql_mode = CONCAT(CONCAT(@@sql_mode, ',STRICT_ALL_TABLES'), ',NO_AUTO_VALUE_ON_ZERO'),  @@SESSION.sql_auto_is_null = 0, @@SESSION.wait_timeout = 2147483[0m
  ↳ bin/rails:9
  [1m[35m (120.5ms)[0m  [1m[35mCREATE DATABASE `app_development` DEFAULT CHARACTER SET `utf8`[0m
  ↳ bin/rails:9
  [1m[35m (0.5ms)[0m  [1m[35mSET NAMES utf8,  @@SESSION.sql_mode = CONCAT(CONCAT(@@sql_mode, ',STRICT_ALL_TABLES'), ',NO_AUTO_VALUE_ON_ZERO'),  @@SESSION.sql_auto_is_null = 0, @@SESSION.wait_timeout = 2147483[0m
  ↳ bin/rails:9
  [1m[35m (8.3ms)[0m  [1m[35mCREATE DATABASE `app_test` DEFAULT CHARACTER SET `utf8`[0m
  ↳ bin/rails:9
Started GET "/" for 127.0.0.1 at 2018-10-16 10:36:27 +0900
  
Mysql2::Error::ConnectionError (Access denied for user 'root'@'localhost' (using password: NO)):
  
mysql2 (0.5.2) lib/mysql2/client.rb:90:in `connect'
mysql2 (0.5.2) lib/mysql2/client.rb:90:in `initialize'
activerecord (5.2.1) lib/active_record/connection_adapters/mysql2_adapter.rb:22:in `new'
activerecord (5.2.1) lib/active_record/connection_adapters/mysql2_adapter.rb:22:in `mysql2_connection'
activerecord (5.2.1) lib/active_record/connection_adapters/abstract/connection_pool.rb:809:in `new_connection'
activerecord (5.2.1) lib/active_record/connection_adapters/abstract/connection_pool.rb:853:in `checkout_new_connection'
activerecord (5.2.1) lib/active_record/connection_adapters/abstract/connection_pool.rb:832:in `try_to_checkout_new_connection'
activerecord (5.2.1) lib/active_record/connection_adapters/abstract/connection_pool.rb:793:in `acquire_connection'
activerecord (5.2.1) lib/active_record/connection_adapters/abstract/connection_pool.rb:521:in `checkout'
activerecord (5.2.1) lib/active_record/connection_adapters/abstract/connection_pool.rb:380:in `connection'
activerecord (5.2.1) lib/active_record/connection_adapters/abstract/connection_pool.rb:1008:in `retrieve_connection'
activerecord (5.2.1) lib/active_record/connection_handling.rb:118:in `retrieve_connection'
activerecord (5.2.1) lib/active_record/connection_handling.rb:90:in `connection'
activerecord (5.2.1) lib/active_record/migration.rb:554:in `call'
actionpack (5.2.1) lib/action_dispatch/middleware/callbacks.rb:28:in `block in call'
activesupport (5.2.1) lib/active_support/callbacks.rb:98:in `run_callbacks'
actionpack (5.2.1) lib/action_dispatch/middleware/callbacks.rb:26:in `call'
actionpack (5.2.1) lib/action_dispatch/middleware/executor.rb:14:in `call'
actionpack (5.2.1) lib/action_dispatch/middleware/debug_exceptions.rb:61:in `call'
web-console (3.7.0) lib/web_console/middleware.rb:135:in `call_app'
web-console (3.7.0) lib/web_console/middleware.rb:30:in `block in call'
web-console (3.7.0) lib/web_console/middleware.rb:20:in `catch'
web-console (3.7.0) lib/web_console/middleware.rb:20:in `call'
actionpack (5.2.1) lib/action_dispatch/middleware/show_exceptions.rb:33:in `call'
railties (5.2.1) lib/rails/rack/logger.rb:38:in `call_app'
railties (5.2.1) lib/rails/rack/logger.rb:26:in `block in call'
activesupport (5.2.1) lib/active_support/tagged_logging.rb:71:in `block in tagged'
activesupport (5.2.1) lib/active_support/tagged_logging.rb:28:in `tagged'
activesupport (5.2.1) lib/active_support/tagged_logging.rb:71:in `tagged'
railties (5.2.1) lib/rails/rack/logger.rb:26:in `call'
sprockets-rails (3.2.1) lib/sprockets/rails/quiet_assets.rb:13:in `call'
actionpack (5.2.1) lib/action_dispatch/middleware/remote_ip.rb:81:in `call'
actionpack (5.2.1) lib/action_dispatch/middleware/request_id.rb:27:in `call'
rack (2.0.5) lib/rack/method_override.rb:22:in `call'
rack (2.0.5) lib/rack/runtime.rb:22:in `call'
activesupport (5.2.1) lib/active_support/cache/strategy/local_cache_middleware.rb:29:in `call'
actionpack (5.2.1) lib/action_dispatch/middleware/executor.rb:14:in `call'
actionpack (5.2.1) lib/action_dispatch/middleware/static.rb:127:in `call'
rack (2.0.5) lib/rack/sendfile.rb:111:in `call'
railties (5.2.1) lib/rails/engine.rb:524:in `call'
puma (3.12.0) lib/puma/configuration.rb:225:in `call'
puma (3.12.0) lib/puma/server.rb:658:in `handle_request'
puma (3.12.0) lib/puma/server.rb:472:in `process_client'
puma (3.12.0) lib/puma/server.rb:332:in `block in run'
puma (3.12.0) lib/puma/thread_pool.rb:133:in `block in spawn_thread'
Started GET "/" for 127.0.0.1 at 2018-10-16 10:36:50 +0900
  [1m[35m (0.6ms)[0m  [1m[35mSET NAMES utf8,  @@SESSION.sql_mode = CONCAT(CONCAT(@@sql_mode, ',STRICT_ALL_TABLES'), ',NO_AUTO_VALUE_ON_ZERO'),  @@SESSION.sql_auto_is_null = 0, @@SESSION.wait_timeout = 2147483[0m
  ↳ /Users/daichitoyama/.rbenv/versions/2.5.1/lib/ruby/gems/2.5.0/gems/activerecord-5.2.1/lib/active_record/log_subscriber.rb:98
Processing by Rails::WelcomeController#index as HTML
  Rendering /Users/daichitoyama/.rbenv/versions/2.5.1/lib/ruby/gems/2.5.0/gems/railties-5.2.1/lib/rails/templates/rails/welcome/index.html.erb
  Rendered /Users/daichitoyama/.rbenv/versions/2.5.1/lib/ruby/gems/2.5.0/gems/railties-5.2.1/lib/rails/templates/rails/welcome/index.html.erb (2.1ms)
Completed 200 OK in 17ms (Views: 6.3ms | ActiveRecord: 0.0ms)


  [1m[35m (0.6ms)[0m  [1m[35mSET NAMES utf8,  @@SESSION.sql_mode = CONCAT(CONCAT(@@sql_mode, ',STRICT_ALL_TABLES'), ',NO_AUTO_VALUE_ON_ZERO'),  @@SESSION.sql_auto_is_null = 0, @@SESSION.wait_timeout = 2147483[0m
  ↳ /Users/daichitoyama/.rbenv/versions/2.5.1/bin/rake:23
  [1m[35m (229.6ms)[0m  [1m[35mCREATE TABLE `schema_migrations` (`version` varchar(255) NOT NULL PRIMARY KEY)[0m
  ↳ /Users/daichitoyama/.rbenv/versions/2.5.1/bin/rake:23
  [1m[35m (26.1ms)[0m  [1m[35mCREATE TABLE `ar_internal_metadata` (`key` varchar(255) NOT NULL PRIMARY KEY, `value` varchar(255), `created_at` datetime NOT NULL, `updated_at` datetime NOT NULL)[0m
  ↳ /Users/daichitoyama/.rbenv/versions/2.5.1/bin/rake:23
  [1m[35m (1.1ms)[0m  [1m[34mSELECT GET_LOCK('5277929974492897470', 0)[0m
  ↳ /Users/daichitoyama/.rbenv/versions/2.5.1/bin/rake:23
  [1m[35m (14.3ms)[0m  [1m[34mSELECT `schema_migrations`.`version` FROM `schema_migrations` ORDER BY `schema_migrations`.`version` ASC[0m
  ↳ /Users/daichitoyama/.rbenv/versions/2.5.1/bin/rake:23
Migrating to CreateGames (20181016014136)
  [1m[35m (40.4ms)[0m  [1m[35mCREATE TABLE `games` (`id` bigint NOT NULL AUTO_INCREMENT PRIMARY KEY, `year` int, `game_id` int, `name` varchar(255), `kickoff_time` varchar(255), `deadline_flag` tinyint(1), `deadline_time` varchar(255), `created_at` datetime NOT NULL, `updated_at` datetime NOT NULL)[0m
  ↳ db/migrate/20181016014136_create_games.rb:3
  [1m[35m (0.2ms)[0m  [1m[35mBEGIN[0m
  ↳ /Users/daichitoyama/.rbenv/versions/2.5.1/bin/rake:23
  [1m[36mActiveRecord::SchemaMigration Create (1.3ms)[0m  [1m[32mINSERT INTO `schema_migrations` (`version`) VALUES ('20181016014136')[0m
  ↳ /Users/daichitoyama/.rbenv/versions/2.5.1/bin/rake:23
  [1m[35m (0.7ms)[0m  [1m[35mCOMMIT[0m
  ↳ /Users/daichitoyama/.rbenv/versions/2.5.1/bin/rake:23
  [1m[36mActiveRecord::InternalMetadata Load (6.5ms)[0m  [1m[34mSELECT  `ar_internal_metadata`.* FROM `ar_internal_metadata` WHERE `ar_internal_metadata`.`key` = 'environment' LIMIT 1[0m
  ↳ /Users/daichitoyama/.rbenv/versions/2.5.1/bin/rake:23
  [1m[35m (0.1ms)[0m  [1m[35mBEGIN[0m
  ↳ /Users/daichitoyama/.rbenv/versions/2.5.1/bin/rake:23
  [1m[36mActiveRecord::InternalMetadata Create (0.2ms)[0m  [1m[32mINSERT INTO `ar_internal_metadata` (`key`, `value`, `created_at`, `updated_at`) VALUES ('environment', 'development', '2018-10-16 01:45:33', '2018-10-16 01:45:33')[0m
  ↳ /Users/daichitoyama/.rbenv/versions/2.5.1/bin/rake:23
  [1m[35m (12.9ms)[0m  [1m[35mCOMMIT[0m
  ↳ /Users/daichitoyama/.rbenv/versions/2.5.1/bin/rake:23
  [1m[35m (1.1ms)[0m  [1m[34mSELECT RELEASE_LOCK('5277929974492897470')[0m
  ↳ /Users/daichitoyama/.rbenv/versions/2.5.1/bin/rake:23
  [1m[35m (0.2ms)[0m  [1m[34mSELECT `schema_migrations`.`version` FROM `schema_migrations` ORDER BY `schema_migrations`.`version` ASC[0m
  ↳ /Users/daichitoyama/.rbenv/versions/2.5.1/bin/rake:23
Started GET "/" for 127.0.0.1 at 2018-10-22 07:36:06 +0900
  [1m[35m (45.5ms)[0m  [1m[35mSET NAMES utf8,  @@SESSION.sql_mode = CONCAT(CONCAT(@@sql_mode, ',STRICT_ALL_TABLES'), ',NO_AUTO_VALUE_ON_ZERO'),  @@SESSION.sql_auto_is_null = 0, @@SESSION.wait_timeout = 2147483[0m
  ↳ /Users/daichitoyama/.rbenv/versions/2.5.1/lib/ruby/gems/2.5.0/gems/activerecord-5.2.1/lib/active_record/log_subscriber.rb:98
  [1m[35m (1.0ms)[0m  [1m[34mSELECT `schema_migrations`.`version` FROM `schema_migrations` ORDER BY `schema_migrations`.`version` ASC[0m
  ↳ /Users/daichitoyama/.rbenv/versions/2.5.1/lib/ruby/gems/2.5.0/gems/activerecord-5.2.1/lib/active_record/log_subscriber.rb:98
Processing by GamesController#index as HTML
  Rendering games/index.html.erb within layouts/application
  [1m[36mGame Load (6.8ms)[0m  [1m[34mSELECT `games`.* FROM `games`[0m
  ↳ app/views/games/index.html.erb:1
  Rendered games/index.html.erb within layouts/application (78.6ms)
Completed 200 OK in 802ms (Views: 732.2ms | ActiveRecord: 60.9ms)


Started GET "/" for 127.0.0.1 at 2018-10-22 07:40:48 +0900
Processing by GamesController#index as HTML
  Rendering games/index.html.erb within layouts/application
  [1m[36mGame Load (0.5ms)[0m  [1m[34mSELECT `games`.* FROM `games`[0m
  ↳ app/views/games/index.html.erb:8
  Rendered games/index.html.erb within layouts/application (3.0ms)
Completed 200 OK in 27ms (Views: 23.3ms | ActiveRecord: 0.5ms)


Started GET "/" for 127.0.0.1 at 2018-10-22 07:41:11 +0900
Processing by GamesController#index as HTML
  Rendering games/index.html.erb within layouts/application
  [1m[36mGame Load (0.3ms)[0m  [1m[34mSELECT `games`.* FROM `games`[0m
  ↳ app/views/games/index.html.erb:8
  Rendered games/index.html.erb within layouts/application (1.9ms)
Completed 200 OK in 20ms (Views: 17.0ms | ActiveRecord: 0.3ms)


Started GET "/" for 127.0.0.1 at 2018-10-22 08:00:53 +0900
  [1m[35m (0.4ms)[0m  [1m[35mSET NAMES utf8,  @@SESSION.sql_mode = CONCAT(CONCAT(@@sql_mode, ',STRICT_ALL_TABLES'), ',NO_AUTO_VALUE_ON_ZERO'),  @@SESSION.sql_auto_is_null = 0, @@SESSION.wait_timeout = 2147483[0m
  ↳ /Users/daichitoyama/.rbenv/versions/2.5.1/lib/ruby/gems/2.5.0/gems/activerecord-5.2.1/lib/active_record/log_subscriber.rb:98
Processing by GamesController#index as HTML
  Rendering games/index.html.erb within layouts/application
  [1m[36mGame Load (6.1ms)[0m  [1m[34mSELECT `games`.* FROM `games`[0m
  ↳ app/views/games/index.html.erb:8
  Rendered games/index.html.erb within layouts/application (20.0ms)
Completed 500 Internal Server Error in 28ms (ActiveRecord: 6.1ms)


  
ActionView::Template::Error (No route matches {:action=>"new", :controller=>"entries"}):
    13:     <td><%= game.kickoff_time %></td>
    14:     <% deadline_flag = 0 %>
    15:     <% if deadline_flag == 0 %>
    16:       <td><%= link_to "申込", :controller => "entries", :action => "new" %></td>
    17:     <% else %>
    18:       <td></td>
    19:     <% end %>
  
app/views/games/index.html.erb:16:in `block in _app_views_games_index_html_erb___1860735342035766802_70230734916680'
app/views/games/index.html.erb:8:in `_app_views_games_index_html_erb___1860735342035766802_70230734916680'
Started GET "/" for 127.0.0.1 at 2018-10-22 08:05:07 +0900
Processing by GamesController#index as HTML
  Rendering games/index.html.erb within layouts/application
  [1m[36mGame Load (0.4ms)[0m  [1m[34mSELECT `games`.* FROM `games`[0m
  ↳ app/views/games/index.html.erb:8
  Rendered games/index.html.erb within layouts/application (216.1ms)
Completed 500 Internal Server Error in 226ms (ActiveRecord: 19.6ms)


  
ActionView::Template::Error (undefined local variable or method `new_entry' for #<#<Class:0x00007fbfb3f93bf0>:0x00007fbfb3f92228>
Did you mean?  new_entry_url):
    13:     <td><%= game.kickoff_time %></td>
    14:     <% deadline_flag = 0 %>
    15:     <% if deadline_flag == 0 %>
    16:       <td><%= link_to "申込", new_entry %></td>
    17:     <% else %>
    18:       <td></td>
    19:     <% end %>
  
app/views/games/index.html.erb:16:in `block in _app_views_games_index_html_erb___1860735342035766802_70230667477520'
app/views/games/index.html.erb:8:in `_app_views_games_index_html_erb___1860735342035766802_70230667477520'
Started GET "/" for 127.0.0.1 at 2018-10-23 10:14:38 +0900
  [1m[35m (57.2ms)[0m  [1m[35mSET NAMES utf8,  @@SESSION.sql_mode = CONCAT(CONCAT(@@sql_mode, ',STRICT_ALL_TABLES'), ',NO_AUTO_VALUE_ON_ZERO'),  @@SESSION.sql_auto_is_null = 0, @@SESSION.wait_timeout = 2147483[0m
  ↳ /Users/daichitoyama/.rbenv/versions/2.5.1/lib/ruby/gems/2.5.0/gems/activerecord-5.2.1/lib/active_record/log_subscriber.rb:98
Processing by GamesController#index as HTML
  Rendering games/index.html.erb within layouts/application
  [1m[36mGame Load (53.5ms)[0m  [1m[34mSELECT `games`.* FROM `games`[0m
  ↳ app/views/games/index.html.erb:8
  Rendered games/index.html.erb within layouts/application (76.6ms)
Completed 200 OK in 323ms (Views: 250.5ms | ActiveRecord: 53.5ms)


Started GET "/" for 127.0.0.1 at 2018-10-23 10:14:43 +0900
Processing by GamesController#index as HTML
  Rendering games/index.html.erb within layouts/application
  [1m[36mGame Load (1.9ms)[0m  [1m[34mSELECT `games`.* FROM `games`[0m
  ↳ app/views/games/index.html.erb:8
  Rendered games/index.html.erb within layouts/application (6.9ms)
Completed 200 OK in 38ms (Views: 34.2ms | ActiveRecord: 1.9ms)


Started GET "/" for 127.0.0.1 at 2018-10-23 10:16:19 +0900
Processing by GamesController#index as HTML
  Rendering games/index.html.erb within layouts/application
  [1m[36mGame Load (0.5ms)[0m  [1m[34mSELECT `games`.* FROM `games`[0m
  ↳ app/views/games/index.html.erb:8
  Rendered games/index.html.erb within layouts/application (7.0ms)
Completed 200 OK in 39ms (Views: 34.2ms | ActiveRecord: 0.5ms)


Started GET "/entries/new" for 127.0.0.1 at 2018-10-23 10:16:21 +0900
  
AbstractController::ActionNotFound (The action 'new' could not be found for EntriesController):
  
actionpack (5.2.1) lib/abstract_controller/base.rb:129:in `process'
actionview (5.2.1) lib/action_view/rendering.rb:32:in `process'
actionpack (5.2.1) lib/action_controller/metal.rb:191:in `dispatch'
actionpack (5.2.1) lib/action_controller/metal.rb:252:in `dispatch'
actionpack (5.2.1) lib/action_dispatch/routing/route_set.rb:52:in `dispatch'
actionpack (5.2.1) lib/action_dispatch/routing/route_set.rb:34:in `serve'
actionpack (5.2.1) lib/action_dispatch/journey/router.rb:52:in `block in serve'
actionpack (5.2.1) lib/action_dispatch/journey/router.rb:35:in `each'
actionpack (5.2.1) lib/action_dispatch/journey/router.rb:35:in `serve'
actionpack (5.2.1) lib/action_dispatch/routing/route_set.rb:840:in `call'
rack (2.0.5) lib/rack/tempfile_reaper.rb:15:in `call'
rack (2.0.5) lib/rack/etag.rb:25:in `call'
rack (2.0.5) lib/rack/conditional_get.rb:25:in `call'
rack (2.0.5) lib/rack/head.rb:12:in `call'
actionpack (5.2.1) lib/action_dispatch/http/content_security_policy.rb:18:in `call'
rack (2.0.5) lib/rack/session/abstract/id.rb:232:in `context'
rack (2.0.5) lib/rack/session/abstract/id.rb:226:in `call'
actionpack (5.2.1) lib/action_dispatch/middleware/cookies.rb:670:in `call'
activerecord (5.2.1) lib/active_record/migration.rb:559:in `call'
actionpack (5.2.1) lib/action_dispatch/middleware/callbacks.rb:28:in `block in call'
activesupport (5.2.1) lib/active_support/callbacks.rb:98:in `run_callbacks'
actionpack (5.2.1) lib/action_dispatch/middleware/callbacks.rb:26:in `call'
actionpack (5.2.1) lib/action_dispatch/middleware/executor.rb:14:in `call'
actionpack (5.2.1) lib/action_dispatch/middleware/debug_exceptions.rb:61:in `call'
web-console (3.7.0) lib/web_console/middleware.rb:135:in `call_app'
web-console (3.7.0) lib/web_console/middleware.rb:30:in `block in call'
web-console (3.7.0) lib/web_console/middleware.rb:20:in `catch'
web-console (3.7.0) lib/web_console/middleware.rb:20:in `call'
actionpack (5.2.1) lib/action_dispatch/middleware/show_exceptions.rb:33:in `call'
railties (5.2.1) lib/rails/rack/logger.rb:38:in `call_app'
railties (5.2.1) lib/rails/rack/logger.rb:26:in `block in call'
activesupport (5.2.1) lib/active_support/tagged_logging.rb:71:in `block in tagged'
activesupport (5.2.1) lib/active_support/tagged_logging.rb:28:in `tagged'
activesupport (5.2.1) lib/active_support/tagged_logging.rb:71:in `tagged'
railties (5.2.1) lib/rails/rack/logger.rb:26:in `call'
sprockets-rails (3.2.1) lib/sprockets/rails/quiet_assets.rb:13:in `call'
actionpack (5.2.1) lib/action_dispatch/middleware/remote_ip.rb:81:in `call'
actionpack (5.2.1) lib/action_dispatch/middleware/request_id.rb:27:in `call'
rack (2.0.5) lib/rack/method_override.rb:22:in `call'
rack (2.0.5) lib/rack/runtime.rb:22:in `call'
activesupport (5.2.1) lib/active_support/cache/strategy/local_cache_middleware.rb:29:in `call'
actionpack (5.2.1) lib/action_dispatch/middleware/executor.rb:14:in `call'
actionpack (5.2.1) lib/action_dispatch/middleware/static.rb:127:in `call'
rack (2.0.5) lib/rack/sendfile.rb:111:in `call'
railties (5.2.1) lib/rails/engine.rb:524:in `call'
puma (3.12.0) lib/puma/configuration.rb:225:in `call'
puma (3.12.0) lib/puma/server.rb:658:in `handle_request'
puma (3.12.0) lib/puma/server.rb:472:in `process_client'
puma (3.12.0) lib/puma/server.rb:332:in `block in run'
puma (3.12.0) lib/puma/thread_pool.rb:133:in `block in spawn_thread'
Started GET "/" for 127.0.0.1 at 2018-10-23 10:16:23 +0900
Processing by GamesController#index as HTML
  Rendering games/index.html.erb within layouts/application
  [1m[36mGame Load (0.6ms)[0m  [1m[34mSELECT `games`.* FROM `games`[0m
  ↳ app/views/games/index.html.erb:8
  Rendered games/index.html.erb within layouts/application (3.4ms)
Completed 200 OK in 26ms (Views: 23.0ms | ActiveRecord: 0.6ms)


  [1m[35m (64.8ms)[0m  [1m[35mSET NAMES utf8,  @@SESSION.sql_mode = CONCAT(CONCAT(@@sql_mode, ',STRICT_ALL_TABLES'), ',NO_AUTO_VALUE_ON_ZERO'),  @@SESSION.sql_auto_is_null = 0, @@SESSION.wait_timeout = 2147483[0m
  ↳ /Users/daichitoyama/.rbenv/versions/2.5.1/bin/rake:23
  [1m[35m (11.3ms)[0m  [1m[34mSELECT GET_LOCK('5277929974492897470', 0)[0m
  ↳ /Users/daichitoyama/.rbenv/versions/2.5.1/bin/rake:23
  [1m[35m (2.2ms)[0m  [1m[34mSELECT `schema_migrations`.`version` FROM `schema_migrations` ORDER BY `schema_migrations`.`version` ASC[0m
  ↳ /Users/daichitoyama/.rbenv/versions/2.5.1/bin/rake:23
Migrating to CreateEntries (20181023011957)
  [1m[35m (198.4ms)[0m  [1m[35mCREATE TABLE `entries` (`id` bigint NOT NULL AUTO_INCREMENT PRIMARY KEY, `year` int, `game_id` int, `name` varchar(255), `kickoff_time` varchar(255), `season_id` varchar(255), `gate_id` int, `person` int, `lottery_no` int, `created_at` datetime NOT NULL, `updated_at` datetime NOT NULL)[0m
  ↳ db/migrate/20181023011957_create_entries.rb:3
  [1m[35m (1.0ms)[0m  [1m[35mBEGIN[0m
  ↳ /Users/daichitoyama/.rbenv/versions/2.5.1/bin/rake:23
  [1m[36mActiveRecord::SchemaMigration Create (1.1ms)[0m  [1m[32mINSERT INTO `schema_migrations` (`version`) VALUES ('20181023011957')[0m
  ↳ /Users/daichitoyama/.rbenv/versions/2.5.1/bin/rake:23
  [1m[35m (0.8ms)[0m  [1m[35mCOMMIT[0m
  ↳ /Users/daichitoyama/.rbenv/versions/2.5.1/bin/rake:23
  [1m[36mActiveRecord::InternalMetadata Load (27.4ms)[0m  [1m[34mSELECT  `ar_internal_metadata`.* FROM `ar_internal_metadata` WHERE `ar_internal_metadata`.`key` = 'environment' LIMIT 1[0m
  ↳ /Users/daichitoyama/.rbenv/versions/2.5.1/bin/rake:23
  [1m[35m (0.1ms)[0m  [1m[35mBEGIN[0m
  ↳ /Users/daichitoyama/.rbenv/versions/2.5.1/bin/rake:23
  [1m[35m (0.1ms)[0m  [1m[35mCOMMIT[0m
  ↳ /Users/daichitoyama/.rbenv/versions/2.5.1/bin/rake:23
  [1m[35m (0.2ms)[0m  [1m[34mSELECT RELEASE_LOCK('5277929974492897470')[0m
  ↳ /Users/daichitoyama/.rbenv/versions/2.5.1/bin/rake:23
  [1m[35m (0.2ms)[0m  [1m[34mSELECT `schema_migrations`.`version` FROM `schema_migrations` ORDER BY `schema_migrations`.`version` ASC[0m
  ↳ /Users/daichitoyama/.rbenv/versions/2.5.1/bin/rake:23
Started GET "/" for 127.0.0.1 at 2018-10-24 07:55:42 +0900
  [1m[35m (0.7ms)[0m  [1m[35mSET NAMES utf8,  @@SESSION.sql_mode = CONCAT(CONCAT(@@sql_mode, ',STRICT_ALL_TABLES'), ',NO_AUTO_VALUE_ON_ZERO'),  @@SESSION.sql_auto_is_null = 0, @@SESSION.wait_timeout = 2147483[0m
  ↳ /Users/daichitoyama/.rbenv/versions/2.5.1/lib/ruby/gems/2.5.0/gems/activerecord-5.2.1/lib/active_record/log_subscriber.rb:98
  [1m[35m (0.4ms)[0m  [1m[34mSELECT `schema_migrations`.`version` FROM `schema_migrations` ORDER BY `schema_migrations`.`version` ASC[0m
  ↳ /Users/daichitoyama/.rbenv/versions/2.5.1/lib/ruby/gems/2.5.0/gems/activerecord-5.2.1/lib/active_record/log_subscriber.rb:98
Processing by GamesController#index as HTML
  Rendering games/index.html.erb within layouts/application
  [1m[36mGame Load (0.5ms)[0m  [1m[34mSELECT `games`.* FROM `games`[0m
  ↳ app/views/games/index.html.erb:8
  Rendered games/index.html.erb within layouts/application (103.2ms)
Completed 200 OK in 175ms (Views: 106.5ms | ActiveRecord: 60.2ms)


Started GET "/entries/new" for 127.0.0.1 at 2018-10-24 07:55:44 +0900
Processing by EntriesController#new as HTML
  Rendering entries/new.html.erb within layouts/application
  Rendered entries/new.html.erb within layouts/application (1.0ms)
Completed 500 Internal Server Error in 31ms (ActiveRecord: 8.7ms)


  
SyntaxError (/Users/daichitoyama/Desktop/lottery/app/app/views/entries/new.html.erb:42: syntax error, unexpected ')', expecting ']'
...ト", 3], class:"form-control" );@output_buffer.safe_append='
...                               ^
/Users/daichitoyama/Desktop/lottery/app/app/views/entries/new.html.erb:46: syntax error, unexpected keyword_end, expecting ')'
'.freeze;           end 
                    ^~~
/Users/daichitoyama/Desktop/lottery/app/app/views/entries/new.html.erb:54: syntax error, unexpected keyword_ensure, expecting ')'
          ensure
          ^~~~~~
/Users/daichitoyama/Desktop/lottery/app/app/views/entries/new.html.erb:56: syntax error, unexpected keyword_end, expecting ')'
          end
          ^~~):
  
app/views/entries/new.html.erb:42: syntax error, unexpected ')', expecting ']'
app/views/entries/new.html.erb:46: syntax error, unexpected keyword_end, expecting ')'
app/views/entries/new.html.erb:54: syntax error, unexpected keyword_ensure, expecting ')'
app/views/entries/new.html.erb:56: syntax error, unexpected keyword_end, expecting ')'
Started GET "/entries/new" for 127.0.0.1 at 2018-10-24 07:56:07 +0900
Processing by EntriesController#new as HTML
  Rendering entries/new.html.erb within layouts/application
  Rendered entries/new.html.erb within layouts/application (44.0ms)
Completed 500 Internal Server Error in 50ms (ActiveRecord: 0.0ms)


  
ActionView::Template::Error (undefined method `pass' for #<Entry:0x00007fbfb5dd48d0>):
    23:           <%= form_for @entry do |f| %>
    24:           <div class="form-group">
    25:             <%= f.label :pass, class: 'text-white' %>
    26:             <%= f.text_field :pass, class: 'form-control' %>
    27:           </div>
    28:           <div class="form-group">
    29:             <%= f.label :name, class: 'text-white' %>
  
app/views/entries/new.html.erb:26:in `block in _app_views_entries_new_html_erb__685626410423343162_70230683315220'
app/views/entries/new.html.erb:23:in `_app_views_entries_new_html_erb__685626410423343162_70230683315220'
Started GET "/entries/new" for 127.0.0.1 at 2018-10-24 07:56:57 +0900
Processing by EntriesController#new as HTML
  Rendering entries/new.html.erb within layouts/application
  Rendered entries/new.html.erb within layouts/application (9.9ms)
Completed 500 Internal Server Error in 17ms (ActiveRecord: 0.0ms)


  
ActionView::Template::Error (undefined method `email' for #<Entry:0x00007fbfb5f39680>):
    31:           </div>
    32:           <div class="form-group">
    33:             <%= f.label :email, class: 'text-white' %>
    34:             <%= f.text_field :email, class: 'form-control' %>
    35:           </div>
    36:           <div class="form-group">
    37:             <%= f.label :email, class: 'text-white' %>
  
app/views/entries/new.html.erb:34:in `block in _app_views_entries_new_html_erb__685626410423343162_70230684057840'
app/views/entries/new.html.erb:23:in `_app_views_entries_new_html_erb__685626410423343162_70230684057840'
Started GET "/entries/new" for 127.0.0.1 at 2018-10-24 07:57:38 +0900
Processing by EntriesController#new as HTML
  Rendering entries/new.html.erb within layouts/application
  Rendered entries/new.html.erb within layouts/application (19.0ms)
Completed 500 Internal Server Error in 27ms (ActiveRecord: 0.0ms)


  
ActionView::Template::Error (undefined method `gate' for #<Entry:0x00007fbfbaae6808>
Did you mean?  gate_id):
    35:           </div>
    36:           <div class="form-group">
    37:             <%= f.label :"ゲート" %><br>
    38:             <%= f.select :gate, class:"form-control" %>
    39:           </div>
    40: 
    41:           <%= f.submit "登録", class: 'btn-block btn-white' %>
  
app/views/entries/new.html.erb:38:in `block in _app_views_entries_new_html_erb__685626410423343162_70230723732040'
app/views/entries/new.html.erb:23:in `_app_views_entries_new_html_erb__685626410423343162_70230723732040'
Started GET "/entries/new" for 127.0.0.1 at 2018-10-24 07:57:46 +0900
Processing by EntriesController#new as HTML
  Rendering entries/new.html.erb within layouts/application
  Rendered entries/new.html.erb within layouts/application (4.9ms)
Completed 200 OK in 25ms (Views: 23.3ms | ActiveRecord: 0.0ms)


Started GET "/entries/new" for 127.0.0.1 at 2018-10-24 08:01:51 +0900
Processing by EntriesController#new as HTML
  Rendering entries/new.html.erb within layouts/application
  Rendered entries/new.html.erb within layouts/application (86.5ms)
Completed 200 OK in 104ms (Views: 102.3ms | ActiveRecord: 0.0ms)


